# JRE version: Java(TM) SE Runtime Environment (8.0_181-b13) (build 1.8.0_181-b13)
# Java VM: Java HotSpot(TM) 64-Bit Server VM (25.181-b13 mixed mode bsd-amd64 compressed oops)
Heap:
 PSYoungGen      total 370688K, used 170782K [0x000000076ab00000, 0x000000078c100000, 0x00000007c0000000)
  eden space 333824K, 40% used [0x000000076ab00000,0x0000000772e3b710,0x000000077f100000)
  from space 36864K, 98% used [0x000000077fc00000,0x0000000781f8c100,0x0000000782000000)
  to   space 106496K, 0% used [0x0000000785900000,0x0000000785900000,0x000000078c100000)
 ParOldGen       total 265728K, used 128225K [0x00000006c0000000, 0x00000006d0380000, 0x000000076ab00000)
  object space 265728K, 48% used [0x00000006c0000000,0x00000006c7d385c8,0x00000006d0380000)
 Metaspace       used 85666K, capacity 94816K, committed 94936K, reserved 1130496K
  class space    used 11639K, capacity 13055K, committed 13056K, reserved 1048576K
GC Heap History (10 events):
Event: 13307.537 GC heap before
{Heap before GC invocations=42 (full 3):
 PSYoungGen      total 435712K, used 324817K [0x000000076ab00000, 0x000000078dc00000, 0x00000007c0000000)
  eden space 321536K, 100% used [0x000000076ab00000,0x000000077e500000,0x000000077e500000)
  from space 114176K, 2% used [0x0000000786c80000,0x0000000786fb44e8,0x000000078dc00000)
  to   space 126464K, 0% used [0x000000077e500000,0x000000077e500000,0x0000000786080000)
 ParOldGen       total 265728K, used 126227K [0x00000006c0000000, 0x00000006d0380000, 0x000000076ab00000)
  object space 265728K, 47% used [0x00000006c0000000,0x00000006c7b44d50,0x00000006d0380000)
 Metaspace       used 74922K, capacity 82186K, committed 82304K, reserved 1120256K
  class space    used 9989K, capacity 11128K, committed 11136K, reserved 1048576K
Event: 13307.555 GC heap after
Heap after GC invocations=42 (full 3):
 PSYoungGen      total 339968K, used 28390K [0x000000076ab00000, 0x000000078c400000, 0x00000007c0000000)
  eden space 311296K, 0% used [0x000000076ab00000,0x000000076ab00000,0x000000077db00000)
  from space 28672K, 99% used [0x000000077e500000,0x00000007800b98c8,0x0000000780100000)
  to   space 119296K, 0% used [0x0000000784f80000,0x0000000784f80000,0x000000078c400000)
 ParOldGen       total 265728K, used 126307K [0x00000006c0000000, 0x00000006d0380000, 0x000000076ab00000)
  object space 265728K, 47% used [0x00000006c0000000,0x00000006c7b58d50,0x00000006d0380000)
 Metaspace       used 74922K, capacity 82186K, committed 82304K, reserved 1120256K
  class space    used 9989K, capacity 11128K, committed 11136K, reserved 1048576K
}
Event: 13350.762 GC heap before
{Heap before GC invocations=43 (full 3):
 PSYoungGen      total 339968K, used 339686K [0x000000076ab00000, 0x000000078c400000, 0x00000007c0000000)
  eden space 311296K, 100% used [0x000000076ab00000,0x000000077db00000,0x000000077db00000)
  from space 28672K, 99% used [0x000000077e500000,0x00000007800b98c8,0x0000000780100000)
  to   space 119296K, 0% used [0x0000000784f80000,0x0000000784f80000,0x000000078c400000)
 ParOldGen       total 265728K, used 126307K [0x00000006c0000000, 0x00000006d0380000, 0x000000076ab00000)
  object space 265728K, 47% used [0x00000006c0000000,0x00000006c7b58d50,0x00000006d0380000)
 Metaspace       used 79340K, capacity 87234K, committed 87424K, reserved 1124352K
  class space    used 10642K, capacity 11856K, committed 11904K, reserved 1048576K
Event: 13350.826 GC heap after
Heap after GC invocations=43 (full 3):
 PSYoungGen      total 394752K, used 38933K [0x000000076ab00000, 0x000000078ab00000, 0x00000007c0000000)
  eden space 301056K, 0% used [0x000000076ab00000,0x000000076ab00000,0x000000077d100000)
  from space 93696K, 41% used [0x0000000784f80000,0x0000000787585400,0x000000078ab00000)
  to   space 111616K, 0% used [0x000000077d100000,0x000000077d100000,0x0000000783e00000)
 ParOldGen       total 265728K, used 126395K [0x00000006c0000000, 0x00000006d0380000, 0x000000076ab00000)
  object space 265728K, 47% used [0x00000006c0000000,0x00000006c7b6ed50,0x00000006d0380000)
 Metaspace       used 79340K, capacity 87234K, committed 87424K, reserved 1124352K
  class space    used 10642K, capacity 11856K, committed 11904K, reserved 1048576K
}
Event: 13352.151 GC heap before
{Heap before GC invocations=44 (full 3):
 PSYoungGen      total 394752K, used 339989K [0x000000076ab00000, 0x000000078ab00000, 0x00000007c0000000)
  eden space 301056K, 100% used [0x000000076ab00000,0x000000077d100000,0x000000077d100000)
  from space 93696K, 41% used [0x0000000784f80000,0x0000000787585400,0x000000078ab00000)
  to   space 111616K, 0% used [0x000000077d100000,0x000000077d100000,0x0000000783e00000)
 ParOldGen       total 265728K, used 126395K [0x00000006c0000000, 0x00000006d0380000, 0x000000076ab00000)
  object space 265728K, 47% used [0x00000006c0000000,0x00000006c7b6ed50,0x00000006d0380000)
 Metaspace       used 80192K, capacity 88384K, committed 88704K, reserved 1126400K
  class space    used 10791K, capacity 12065K, committed 12160K, reserved 1048576K
Event: 13352.234 GC heap after
Heap after GC invocations=44 (full 3):
 PSYoungGen      total 412672K, used 68839K [0x000000076ab00000, 0x000000078e100000, 0x00000007c0000000)
  eden space 301056K, 0% used [0x000000076ab00000,0x000000076ab00000,0x000000077d100000)
  from space 111616K, 61% used [0x000000077d100000,0x0000000781439cb0,0x0000000783e00000)
  to   space 115712K, 0% used [0x0000000787000000,0x0000000787000000,0x000000078e100000)
 ParOldGen       total 265728K, used 126627K [0x00000006c0000000, 0x00000006d0380000, 0x000000076ab00000)
  object space 265728K, 47% used [0x00000006c0000000,0x00000006c7ba8d50,0x00000006d0380000)
 Metaspace       used 80192K, capacity 88384K, committed 88704K, reserved 1126400K
  class space    used 10791K, capacity 12065K, committed 12160K, reserved 1048576K
}
Event: 13383.852 GC heap before
{Heap before GC invocations=45 (full 3):
 PSYoungGen      total 412672K, used 369861K [0x000000076ab00000, 0x000000078e100000, 0x00000007c0000000)
  eden space 301056K, 99% used [0x000000076ab00000,0x000000077d0f7900,0x000000077d100000)
  from space 111616K, 61% used [0x000000077d100000,0x0000000781439cb0,0x0000000783e00000)
  to   space 115712K, 0% used [0x0000000787000000,0x0000000787000000,0x000000078e100000)
 ParOldGen       total 265728K, used 126677K [0x00000006c0000000, 0x00000006d0380000, 0x000000076ab00000)
  object space 265728K, 47% used [0x00000006c0000000,0x00000006c7bb57d8,0x00000006d0380000)
 Metaspace       used 80398K, capacity 88672K, committed 88960K, reserved 1126400K
  class space    used 10832K, capacity 12115K, committed 12160K, reserved 1048576K
Event: 13383.928 GC heap after
Heap after GC invocations=45 (full 3):
 PSYoungGen      total 451584K, used 52729K [0x000000076ab00000, 0x000000078d800000, 0x00000007c0000000)
  eden space 345088K, 0% used [0x000000076ab00000,0x000000076ab00000,0x000000077fc00000)
  from space 106496K, 49% used [0x0000000787000000,0x000000078a37e7b0,0x000000078d800000)
  to   space 112640K, 0% used [0x000000077fc00000,0x000000077fc00000,0x0000000786a00000)
 ParOldGen       total 265728K, used 127762K [0x00000006c0000000, 0x00000006d0380000, 0x000000076ab00000)
  object space 265728K, 48% used [0x00000006c0000000,0x00000006c7cc4b28,0x00000006d0380000)
 Metaspace       used 80398K, capacity 88672K, committed 88960K, reserved 1126400K
  class space    used 10832K, capacity 12115K, committed 12160K, reserved 1048576K
}
Event: 13549.447 GC heap before
{Heap before GC invocations=46 (full 3):
 PSYoungGen      total 451584K, used 397817K [0x000000076ab00000, 0x000000078d800000, 0x00000007c0000000)
  eden space 345088K, 100% used [0x000000076ab00000,0x000000077fc00000,0x000000077fc00000)
  from space 106496K, 49% used [0x0000000787000000,0x000000078a37e7b0,0x000000078d800000)
  to   space 112640K, 0% used [0x000000077fc00000,0x000000077fc00000,0x0000000786a00000)
 ParOldGen       total 265728K, used 127771K [0x00000006c0000000, 0x00000006d0380000, 0x000000076ab00000)
  object space 265728K, 48% used [0x00000006c0000000,0x00000006c7cc6d98,0x00000006d0380000)
 Metaspace       used 85509K, capacity 94570K, committed 94720K, reserved 1130496K
  class space    used 11605K, capacity 12992K, committed 13056K, reserved 1048576K
Event: 13549.474 GC heap after
Heap after GC invocations=46 (full 3):
 PSYoungGen      total 370688K, used 36400K [0x000000076ab00000, 0x000000078c100000, 0x00000007c0000000)
  eden space 333824K, 0% used [0x000000076ab00000,0x000000076ab00000,0x000000077f100000)
  from space 36864K, 98% used [0x000000077fc00000,0x0000000781f8c100,0x0000000782000000)
  to   space 106496K, 0% used [0x0000000785900000,0x0000000785900000,0x000000078c100000)
 ParOldGen       total 265728K, used 128225K [0x00000006c0000000, 0x00000006d0380000, 0x000000076ab00000)
  object space 265728K, 48% used [0x00000006c0000000,0x00000006c7d385c8,0x00000006d0380000)
 Metaspace       used 85509K, capacity 94570K, committed 94720K, reserved 1130496K
  class space    used 11605K, capacity 12992K, committed 13056K, reserved 1048576K
}

