# JRE version: Java(TM) SE Runtime Environment (8.0_181-b13) (build 1.8.0_181-b13)
# Java VM: Java HotSpot(TM) 64-Bit Server VM (25.181-b13 mixed mode bsd-amd64 compressed oops)
Heap:
 PSYoungGen      total 545280K, used 115059K [0x000000076ab00000, 0x0000000798c80000, 0x00000007c0000000)
  eden space 438272K, 3% used [0x000000076ab00000,0x000000076bc14890,0x0000000785700000)
  from space 107008K, 91% used [0x0000000785700000,0x000000078b648420,0x000000078bf80000)
  to   space 121344K, 0% used [0x0000000791600000,0x0000000791600000,0x0000000798c80000)
 ParOldGen       total 174080K, used 43355K [0x00000006c0000000, 0x00000006caa00000, 0x000000076ab00000)
  object space 174080K, 24% used [0x00000006c0000000,0x00000006c2a56e48,0x00000006caa00000)
 Metaspace       used 52270K, capacity 55242K, committed 59160K, reserved 1101824K
  class space    used 6397K, capacity 6963K, committed 7704K, reserved 1048576K
GC Heap History (10 events):
Event: 15288.756 GC heap before
{Heap before GC invocations=50 (full 3):
 PSYoungGen      total 415744K, used 27412K [0x000000076ab00000, 0x000000078cc00000, 0x00000007c0000000)
  eden space 321536K, 0% used [0x000000076ab00000,0x000000076ab00000,0x000000077e500000)
  from space 94208K, 29% used [0x000000077e500000,0x000000077ffc5138,0x0000000784100000)
  to   space 88064K, 0% used [0x0000000787600000,0x0000000787600000,0x000000078cc00000)
 ParOldGen       total 145920K, used 115361K [0x00000006c0000000, 0x00000006c8e80000, 0x000000076ab00000)
  object space 145920K, 79% used [0x00000006c0000000,0x00000006c70a8460,0x00000006c8e80000)
 Metaspace       used 55448K, capacity 59104K, committed 59160K, reserved 1101824K
  class space    used 6935K, capacity 7649K, committed 7704K, reserved 1048576K
Event: 15288.973 GC heap after
Heap after GC invocations=50 (full 3):
 PSYoungGen      total 415744K, used 0K [0x000000076ab00000, 0x000000078cc00000, 0x00000007c0000000)
  eden space 321536K, 0% used [0x000000076ab00000,0x000000076ab00000,0x000000077e500000)
  from space 94208K, 0% used [0x000000077e500000,0x000000077e500000,0x0000000784100000)
  to   space 88064K, 0% used [0x0000000787600000,0x0000000787600000,0x000000078cc00000)
 ParOldGen       total 174080K, used 43323K [0x00000006c0000000, 0x00000006caa00000, 0x000000076ab00000)
  object space 174080K, 24% used [0x00000006c0000000,0x00000006c2a4ee48,0x00000006caa00000)
 Metaspace       used 48146K, capacity 50710K, committed 59160K, reserved 1101824K
  class space    used 5807K, capacity 6328K, committed 7704K, reserved 1048576K
}
Event: 15296.694 GC heap before
{Heap before GC invocations=51 (full 3):
 PSYoungGen      total 415744K, used 321536K [0x000000076ab00000, 0x000000078cc00000, 0x00000007c0000000)
  eden space 321536K, 100% used [0x000000076ab00000,0x000000077e500000,0x000000077e500000)
  from space 94208K, 0% used [0x000000077e500000,0x000000077e500000,0x0000000784100000)
  to   space 88064K, 0% used [0x0000000787600000,0x0000000787600000,0x000000078cc00000)
 ParOldGen       total 174080K, used 43323K [0x00000006c0000000, 0x00000006caa00000, 0x000000076ab00000)
  object space 174080K, 24% used [0x00000006c0000000,0x00000006c2a4ee48,0x00000006caa00000)
 Metaspace       used 49084K, capacity 51872K, committed 59160K, reserved 1101824K
  class space    used 5966K, capacity 6503K, committed 7704K, reserved 1048576K
Event: 15296.810 GC heap after
Heap after GC invocations=51 (full 3):
 PSYoungGen      total 461312K, used 68238K [0x000000076ab00000, 0x000000078e000000, 0x00000007c0000000)
  eden space 373248K, 0% used [0x000000076ab00000,0x000000076ab00000,0x0000000781780000)
  from space 88064K, 77% used [0x0000000787600000,0x000000078b8a3b98,0x000000078cc00000)
  to   space 96768K, 0% used [0x0000000781780000,0x0000000781780000,0x0000000787600000)
 ParOldGen       total 174080K, used 43331K [0x00000006c0000000, 0x00000006caa00000, 0x000000076ab00000)
  object space 174080K, 24% used [0x00000006c0000000,0x00000006c2a50e48,0x00000006caa00000)
 Metaspace       used 49084K, capacity 51872K, committed 59160K, reserved 1101824K
  class space    used 5966K, capacity 6503K, committed 7704K, reserved 1048576K
}
Event: 15367.307 GC heap before
{Heap before GC invocations=52 (full 3):
 PSYoungGen      total 461312K, used 441486K [0x000000076ab00000, 0x000000078e000000, 0x00000007c0000000)
  eden space 373248K, 100% used [0x000000076ab00000,0x0000000781780000,0x0000000781780000)
  from space 88064K, 77% used [0x0000000787600000,0x000000078b8a3b98,0x000000078cc00000)
  to   space 96768K, 0% used [0x0000000781780000,0x0000000781780000,0x0000000787600000)
 ParOldGen       total 174080K, used 43331K [0x00000006c0000000, 0x00000006caa00000, 0x000000076ab00000)
  object space 174080K, 24% used [0x00000006c0000000,0x00000006c2a50e48,0x00000006caa00000)
 Metaspace       used 49146K, capacity 51932K, committed 59160K, reserved 1101824K
  class space    used 5971K, capacity 6511K, committed 7704K, reserved 1048576K
Event: 15367.413 GC heap after
Heap after GC invocations=52 (full 3):
 PSYoungGen      total 470016K, used 76225K [0x000000076ab00000, 0x0000000792880000, 0x00000007c0000000)
  eden space 373248K, 0% used [0x000000076ab00000,0x000000076ab00000,0x0000000781780000)
  from space 96768K, 78% used [0x0000000781780000,0x00000007861f0728,0x0000000787600000)
  to   space 105984K, 0% used [0x000000078c100000,0x000000078c100000,0x0000000792880000)
 ParOldGen       total 174080K, used 43339K [0x00000006c0000000, 0x00000006caa00000, 0x000000076ab00000)
  object space 174080K, 24% used [0x00000006c0000000,0x00000006c2a52e48,0x00000006caa00000)
 Metaspace       used 49146K, capacity 51932K, committed 59160K, reserved 1101824K
  class space    used 5971K, capacity 6511K, committed 7704K, reserved 1048576K
}
Event: 15474.069 GC heap before
{Heap before GC invocations=53 (full 3):
 PSYoungGen      total 470016K, used 449473K [0x000000076ab00000, 0x0000000792880000, 0x00000007c0000000)
  eden space 373248K, 100% used [0x000000076ab00000,0x0000000781780000,0x0000000781780000)
  from space 96768K, 78% used [0x0000000781780000,0x00000007861f0728,0x0000000787600000)
  to   space 105984K, 0% used [0x000000078c100000,0x000000078c100000,0x0000000792880000)
 ParOldGen       total 174080K, used 43339K [0x00000006c0000000, 0x00000006caa00000, 0x000000076ab00000)
  object space 174080K, 24% used [0x00000006c0000000,0x00000006c2a52e48,0x00000006caa00000)
 Metaspace       used 52010K, capacity 54856K, committed 59160K, reserved 1101824K
  class space    used 6359K, capacity 6902K, committed 7704K, reserved 1048576K
Event: 15474.170 GC heap after
Heap after GC invocations=53 (full 3):
 PSYoungGen      total 543744K, used 59236K [0x000000076ab00000, 0x0000000792800000, 0x00000007c0000000)
  eden space 438272K, 0% used [0x000000076ab00000,0x000000076ab00000,0x0000000785700000)
  from space 105472K, 56% used [0x000000078c100000,0x000000078fad9028,0x0000000792800000)
  to   space 107008K, 0% used [0x0000000785700000,0x0000000785700000,0x000000078bf80000)
 ParOldGen       total 174080K, used 43347K [0x00000006c0000000, 0x00000006caa00000, 0x000000076ab00000)
  object space 174080K, 24% used [0x00000006c0000000,0x00000006c2a54e48,0x00000006caa00000)
 Metaspace       used 52010K, capacity 54856K, committed 59160K, reserved 1101824K
  class space    used 6359K, capacity 6902K, committed 7704K, reserved 1048576K
}
Event: 15491.306 GC heap before
{Heap before GC invocations=54 (full 3):
 PSYoungGen      total 543744K, used 497508K [0x000000076ab00000, 0x0000000792800000, 0x00000007c0000000)
  eden space 438272K, 100% used [0x000000076ab00000,0x0000000785700000,0x0000000785700000)
  from space 105472K, 56% used [0x000000078c100000,0x000000078fad9028,0x0000000792800000)
  to   space 107008K, 0% used [0x0000000785700000,0x0000000785700000,0x000000078bf80000)
 ParOldGen       total 174080K, used 43347K [0x00000006c0000000, 0x00000006caa00000, 0x000000076ab00000)
  object space 174080K, 24% used [0x00000006c0000000,0x00000006c2a54e48,0x00000006caa00000)
 Metaspace       used 52270K, capacity 55242K, committed 59160K, reserved 1101824K
  class space    used 6397K, capacity 6963K, committed 7704K, reserved 1048576K
Event: 15491.425 GC heap after
Heap after GC invocations=54 (full 3):
 PSYoungGen      total 545280K, used 97569K [0x000000076ab00000, 0x0000000798c80000, 0x00000007c0000000)
  eden space 438272K, 0% used [0x000000076ab00000,0x000000076ab00000,0x0000000785700000)
  from space 107008K, 91% used [0x0000000785700000,0x000000078b648420,0x000000078bf80000)
  to   space 121344K, 0% used [0x0000000791600000,0x0000000791600000,0x0000000798c80000)
 ParOldGen       total 174080K, used 43355K [0x00000006c0000000, 0x00000006caa00000, 0x000000076ab00000)
  object space 174080K, 24% used [0x00000006c0000000,0x00000006c2a56e48,0x00000006caa00000)
 Metaspace       used 52270K, capacity 55242K, committed 59160K, reserved 1101824K
  class space    used 6397K, capacity 6963K, committed 7704K, reserved 1048576K
}

