# JRE version: Java(TM) SE Runtime Environment (8.0_181-b13) (build 1.8.0_181-b13)
# Java VM: Java HotSpot(TM) 64-Bit Server VM (25.181-b13 mixed mode bsd-amd64 compressed oops)
Heap:
 PSYoungGen      total 593920K, used 413399K [0x000000076ab00000, 0x0000000794f80000, 0x00000007c0000000)
  eden space 515584K, 80% used [0x000000076ab00000,0x0000000783eb5e90,0x000000078a280000)
  from space 78336K, 0% used [0x0000000790300000,0x0000000790300000,0x0000000794f80000)
  to   space 88576K, 0% used [0x000000078a280000,0x000000078a280000,0x000000078f900000)
 ParOldGen       total 275456K, used 99386K [0x00000006c0000000, 0x00000006d0d00000, 0x000000076ab00000)
  object space 275456K, 36% used [0x00000006c0000000,0x00000006c610eb10,0x00000006d0d00000)
 Metaspace       used 58689K, capacity 62268K, committed 62552K, reserved 1103872K
  class space    used 7313K, capacity 7979K, committed 8024K, reserved 1048576K
GC Heap History (10 events):
Event: 85.589 GC heap before
{Heap before GC invocations=17 (full 2):
 PSYoungGen      total 365056K, used 365052K [0x000000076ab00000, 0x0000000785780000, 0x00000007c0000000)
  eden space 320000K, 100% used [0x000000076ab00000,0x000000077e380000,0x000000077e380000)
  from space 45056K, 99% used [0x0000000781a80000,0x000000078467f3d0,0x0000000784680000)
  to   space 56320K, 0% used [0x000000077e380000,0x000000077e380000,0x0000000781a80000)
 ParOldGen       total 199680K, used 73708K [0x00000006c0000000, 0x00000006cc300000, 0x000000076ab00000)
  object space 199680K, 36% used [0x00000006c0000000,0x00000006c47fb3a8,0x00000006cc300000)
 Metaspace       used 47907K, capacity 49748K, committed 50008K, reserved 1093632K
  class space    used 5734K, capacity 6153K, committed 6232K, reserved 1048576K
Event: 85.713 GC heap after
Heap after GC invocations=17 (full 2):
 PSYoungGen      total 376320K, used 56311K [0x000000076ab00000, 0x000000078e600000, 0x00000007c0000000)
  eden space 320000K, 0% used [0x000000076ab00000,0x000000076ab00000,0x000000077e380000)
  from space 56320K, 99% used [0x000000077e380000,0x0000000781a7de68,0x0000000781a80000)
  to   space 72192K, 0% used [0x0000000789f80000,0x0000000789f80000,0x000000078e600000)
 ParOldGen       total 199680K, used 91200K [0x00000006c0000000, 0x00000006cc300000, 0x000000076ab00000)
  object space 199680K, 45% used [0x00000006c0000000,0x00000006c5910308,0x00000006cc300000)
 Metaspace       used 47907K, capacity 49748K, committed 50008K, reserved 1093632K
  class space    used 5734K, capacity 6153K, committed 6232K, reserved 1048576K
}
Event: 88.450 GC heap before
{Heap before GC invocations=18 (full 2):
 PSYoungGen      total 376320K, used 376311K [0x000000076ab00000, 0x000000078e600000, 0x00000007c0000000)
  eden space 320000K, 100% used [0x000000076ab00000,0x000000077e380000,0x000000077e380000)
  from space 56320K, 99% used [0x000000077e380000,0x0000000781a7de68,0x0000000781a80000)
  to   space 72192K, 0% used [0x0000000789f80000,0x0000000789f80000,0x000000078e600000)
 ParOldGen       total 199680K, used 91200K [0x00000006c0000000, 0x00000006cc300000, 0x000000076ab00000)
  object space 199680K, 45% used [0x00000006c0000000,0x00000006c5910308,0x00000006cc300000)
 Metaspace       used 48097K, capacity 49954K, committed 50008K, reserved 1093632K
  class space    used 5766K, capacity 6196K, committed 6232K, reserved 1048576K
Event: 88.495 GC heap after
Heap after GC invocations=18 (full 2):
 PSYoungGen      total 506880K, used 54408K [0x000000076ab00000, 0x000000078eb80000, 0x00000007c0000000)
  eden space 434688K, 0% used [0x000000076ab00000,0x000000076ab00000,0x0000000785380000)
  from space 72192K, 75% used [0x0000000789f80000,0x000000078d4a20e0,0x000000078e600000)
  to   space 77824K, 0% used [0x0000000785380000,0x0000000785380000,0x0000000789f80000)
 ParOldGen       total 199680K, used 91712K [0x00000006c0000000, 0x00000006cc300000, 0x000000076ab00000)
  object space 199680K, 45% used [0x00000006c0000000,0x00000006c5990308,0x00000006cc300000)
 Metaspace       used 48097K, capacity 49954K, committed 50008K, reserved 1093632K
  class space    used 5766K, capacity 6196K, committed 6232K, reserved 1048576K
}
Event: 144.870 GC heap before
{Heap before GC invocations=19 (full 2):
 PSYoungGen      total 506880K, used 489096K [0x000000076ab00000, 0x000000078eb80000, 0x00000007c0000000)
  eden space 434688K, 100% used [0x000000076ab00000,0x0000000785380000,0x0000000785380000)
  from space 72192K, 75% used [0x0000000789f80000,0x000000078d4a20e0,0x000000078e600000)
  to   space 77824K, 0% used [0x0000000785380000,0x0000000785380000,0x0000000789f80000)
 ParOldGen       total 199680K, used 91712K [0x00000006c0000000, 0x00000006cc300000, 0x000000076ab00000)
  object space 199680K, 45% used [0x00000006c0000000,0x00000006c5990308,0x00000006cc300000)
 Metaspace       used 53397K, capacity 56092K, committed 56280K, reserved 1097728K
  class space    used 6530K, capacity 7057K, committed 7128K, reserved 1048576K
Event: 144.987 GC heap after
Heap after GC invocations=19 (full 2):
 PSYoungGen      total 512512K, used 66888K [0x000000076ab00000, 0x0000000795800000, 0x00000007c0000000)
  eden space 434688K, 0% used [0x000000076ab00000,0x000000076ab00000,0x0000000785380000)
  from space 77824K, 85% used [0x0000000785380000,0x00000007894d2278,0x0000000789f80000)
  to   space 87040K, 0% used [0x0000000790300000,0x0000000790300000,0x0000000795800000)
 ParOldGen       total 199680K, used 101472K [0x00000006c0000000, 0x00000006cc300000, 0x000000076ab00000)
  object space 199680K, 50% used [0x00000006c0000000,0x00000006c63182f8,0x00000006cc300000)
 Metaspace       used 53397K, capacity 56092K, committed 56280K, reserved 1097728K
  class space    used 6530K, capacity 7057K, committed 7128K, reserved 1048576K
}
Event: 233.589 GC heap before
{Heap before GC invocations=20 (full 2):
 PSYoungGen      total 512512K, used 497907K [0x000000076ab00000, 0x0000000795800000, 0x00000007c0000000)
  eden space 434688K, 99% used [0x000000076ab00000,0x0000000784feabf0,0x0000000785380000)
  from space 77824K, 85% used [0x0000000785380000,0x00000007894d2278,0x0000000789f80000)
  to   space 87040K, 0% used [0x0000000790300000,0x0000000790300000,0x0000000795800000)
 ParOldGen       total 199680K, used 101472K [0x00000006c0000000, 0x00000006cc300000, 0x000000076ab00000)
  object space 199680K, 50% used [0x00000006c0000000,0x00000006c63182f8,0x00000006cc300000)
 Metaspace       used 55947K, capacity 58820K, committed 58968K, reserved 1101824K
  class space    used 6856K, capacity 7451K, committed 7512K, reserved 1048576K
Event: 233.646 GC heap after
Heap after GC invocations=20 (full 2):
 PSYoungGen      total 593920K, used 52209K [0x000000076ab00000, 0x0000000794f80000, 0x00000007c0000000)
  eden space 515584K, 0% used [0x000000076ab00000,0x000000076ab00000,0x000000078a280000)
  from space 78336K, 66% used [0x0000000790300000,0x00000007935fc630,0x0000000794f80000)
  to   space 88576K, 0% used [0x000000078a280000,0x000000078a280000,0x000000078f900000)
 ParOldGen       total 199680K, used 102905K [0x00000006c0000000, 0x00000006cc300000, 0x000000076ab00000)
  object space 199680K, 51% used [0x00000006c0000000,0x00000006c647e658,0x00000006cc300000)
 Metaspace       used 55947K, capacity 58820K, committed 58968K, reserved 1101824K
  class space    used 6856K, capacity 7451K, committed 7512K, reserved 1048576K
}
Event: 233.646 GC heap before
{Heap before GC invocations=21 (full 3):
 PSYoungGen      total 593920K, used 52209K [0x000000076ab00000, 0x0000000794f80000, 0x00000007c0000000)
  eden space 515584K, 0% used [0x000000076ab00000,0x000000076ab00000,0x000000078a280000)
  from space 78336K, 66% used [0x0000000790300000,0x00000007935fc630,0x0000000794f80000)
  to   space 88576K, 0% used [0x000000078a280000,0x000000078a280000,0x000000078f900000)
 ParOldGen       total 199680K, used 102905K [0x00000006c0000000, 0x00000006cc300000, 0x000000076ab00000)
  object space 199680K, 51% used [0x00000006c0000000,0x00000006c647e658,0x00000006cc300000)
 Metaspace       used 55947K, capacity 58820K, committed 58968K, reserved 1101824K
  class space    used 6856K, capacity 7451K, committed 7512K, reserved 1048576K
Event: 233.917 GC heap after
Heap after GC invocations=21 (full 3):
 PSYoungGen      total 593920K, used 0K [0x000000076ab00000, 0x0000000794f80000, 0x00000007c0000000)
  eden space 515584K, 0% used [0x000000076ab00000,0x000000076ab00000,0x000000078a280000)
  from space 78336K, 0% used [0x0000000790300000,0x0000000790300000,0x0000000794f80000)
  to   space 88576K, 0% used [0x000000078a280000,0x000000078a280000,0x000000078f900000)
 ParOldGen       total 275456K, used 99386K [0x00000006c0000000, 0x00000006d0d00000, 0x000000076ab00000)
  object space 275456K, 36% used [0x00000006c0000000,0x00000006c610eb10,0x00000006d0d00000)
 Metaspace       used 55945K, capacity 58814K, committed 58968K, reserved 1101824K
  class space    used 6855K, capacity 7450K, committed 7512K, reserved 1048576K
}

